> Task :app:clean
> Task :app:preBuild UP-TO-DATE
> Task :app:preDebugBuild UP-TO-DATE
> Task :app:mergeDebugNativeDebugMetadata NO-SOURCE
> Task :app:checkKotlinGradlePluginConfigurationErrors SKIPPED
> Task :app:extractDebugPythonBuildPackages

> Task :app:generateDebugPythonRequirements
Chaquopy: Installing for arm64-v8a
Looking in indexes: https://pypi.org/simple, https://chaquo.com/pypi-13.1
Collecting Pillow==10.1.0
  Downloading Pillow-10.1.0.tar.gz (50.8 MB)
  Installing build dependencies: started
  Installing build dependencies: finished with status 'done'
  Getting requirements to build wheel: started
  Getting requirements to build wheel: finished with status 'done'
    Preparing wheel metadata: started
    Preparing wheel metadata: finished with status 'done'
Building wheels for collected packages: Pillow
  Building wheel for Pillow (PEP 517): started
  Building wheel for Pillow (PEP 517): finished with status 'error'
  ERROR: Command errored out with exit status 1:
   command: /home/allen/AndroidStudioProjects/Renpytool/app/build/python/env/debug/bin/python /home/allen/AndroidStudioProjects/Renpytool/app/build/python/env/debug/lib/python3.11/site-packages/pip/_vendor/pep517/_in_process.py build_wheel /tmp/tmpyd_rbjhd
       cwd: /tmp/pip-install-ijaxhf64/Pillow
  Complete output (154 lines):
  /tmp/pip-build-env-zcgx5a30/overlay/lib/python3.11/site-packages/setuptools/dist.py:759: SetuptoolsDeprecationWarning: License classifiers are deprecated.
  !!
  
          ********************************************************************************
          Please consider removing the following classifiers in favor of a SPDX license expression:
  
          License :: OSI Approved :: Historical Permission Notice and Disclaimer (HPND)
  
          See https://packaging.python.org/en/latest/guides/writing-pyproject-toml/#license for details.
          ********************************************************************************
  
  !!
    self._finalize_license_expression()
  running bdist_wheel
  running build
  running build_py
  creating build/lib.linux-x86_64-cpython-311/PIL
  copying src/PIL/features.py -> build/lib.linux-x86_64-cpython-311/PIL
  copying src/PIL/_version.py -> build/lib.linux-x86_64-cpython-311/PIL
  copying src/PIL/_util.py -> build/lib.linux-x86_64-cpython-311/PIL
  copying src/PIL/_tkinter_finder.py -> build/lib.linux-x86_64-cpython-311/PIL
  copying src/PIL/_deprecate.py -> build/lib.linux-x86_64-cpython-311/PIL
  copying src/PIL/_binary.py -> build/lib.linux-x86_64-cpython-311/PIL
  copying src/PIL/__main__.py -> build/lib.linux-x86_64-cpython-311/PIL
  copying src/PIL/__init__.py -> build/lib.linux-x86_64-cpython-311/PIL
  copying src/PIL/XpmImagePlugin.py -> build/lib.linux-x86_64-cpython-311/PIL
  copying src/PIL/XbmImagePlugin.py -> build/lib.linux-x86_64-cpython-311/PIL
  copying src/PIL/XVThumbImagePlugin.py -> build/lib.linux-x86_64-cpython-311/PIL
  copying src/PIL/WmfImagePlugin.py -> build/lib.linux-x86_64-cpython-311/PIL
  copying src/PIL/WebPImagePlugin.py -> build/lib.linux-x86_64-cpython-311/PIL
  copying src/PIL/WalImageFile.py -> build/lib.linux-x86_64-cpython-311/PIL
  copying src/PIL/TiffTags.py -> build/lib.linux-x86_64-cpython-311/PIL
  copying src/PIL/TiffImagePlugin.py -> build/lib.linux-x86_64-cpython-311/PIL
  copying src/PIL/TgaImagePlugin.py -> build/lib.linux-x86_64-cpython-311/PIL
  copying src/PIL/TarIO.py -> build/lib.linux-x86_64-cpython-311/PIL
  copying src/PIL/SunImagePlugin.py -> build/lib.linux-x86_64-cpython-311/PIL
  copying src/PIL/SpiderImagePlugin.py -> build/lib.linux-x86_64-cpython-311/PIL
  copying src/PIL/SgiImagePlugin.py -> build/lib.linux-x86_64-cpython-311/PIL
  copying src/PIL/QoiImagePlugin.py -> build/lib.linux-x86_64-cpython-311/PIL
  copying src/PIL/PyAccess.py -> build/lib.linux-x86_64-cpython-311/PIL
  copying src/PIL/PsdImagePlugin.py -> build/lib.linux-x86_64-cpython-311/PIL
  copying src/PIL/PpmImagePlugin.py -> build/lib.linux-x86_64-cpython-311/PIL
  copying src/PIL/PngImagePlugin.py -> build/lib.linux-x86_64-cpython-311/PIL
  copying src/PIL/PixarImagePlugin.py -> build/lib.linux-x86_64-cpython-311/PIL
  copying src/PIL/PdfParser.py -> build/lib.linux-x86_64-cpython-311/PIL
  copying src/PIL/PdfImagePlugin.py -> build/lib.linux-x86_64-cpython-311/PIL
  copying src/PIL/PcxImagePlugin.py -> build/lib.linux-x86_64-cpython-311/PIL
  copying src/PIL/PcfFontFile.py -> build/lib.linux-x86_64-cpython-311/PIL
  copying src/PIL/PcdImagePlugin.py -> build/lib.linux-x86_64-cpython-311/PIL
  copying src/PIL/PalmImagePlugin.py -> build/lib.linux-x86_64-cpython-311/PIL
  copying src/PIL/PaletteFile.py -> build/lib.linux-x86_64-cpython-311/PIL
  copying src/PIL/PSDraw.py -> build/lib.linux-x86_64-cpython-311/PIL
  copying src/PIL/MspImagePlugin.py -> build/lib.linux-x86_64-cpython-311/PIL
  copying src/PIL/MpoImagePlugin.py -> build/lib.linux-x86_64-cpython-311/PIL
  copying src/PIL/MpegImagePlugin.py -> build/lib.linux-x86_64-cpython-311/PIL
  copying src/PIL/MicImagePlugin.py -> build/lib.linux-x86_64-cpython-311/PIL
  copying src/PIL/McIdasImagePlugin.py -> build/lib.linux-x86_64-cpython-311/PIL
  copying src/PIL/JpegPresets.py -> build/lib.linux-x86_64-cpython-311/PIL
  copying src/PIL/JpegImagePlugin.py -> build/lib.linux-x86_64-cpython-311/PIL
  copying src/PIL/Jpeg2KImagePlugin.py -> build/lib.linux-x86_64-cpython-311/PIL
  copying src/PIL/IptcImagePlugin.py -> build/lib.linux-x86_64-cpython-311/PIL
  copying src/PIL/ImtImagePlugin.py -> build/lib.linux-x86_64-cpython-311/PIL
  copying src/PIL/ImageWin.py -> build/lib.linux-x86_64-cpython-311/PIL
  copying src/PIL/ImageTransform.py -> build/lib.linux-x86_64-cpython-311/PIL
  copying src/PIL/ImageTk.py -> build/lib.linux-x86_64-cpython-311/PIL
  copying src/PIL/ImageStat.py -> build/lib.linux-x86_64-cpython-311/PIL
  copying src/PIL/ImageShow.py -> build/lib.linux-x86_64-cpython-311/PIL
  copying src/PIL/ImageSequence.py -> build/lib.linux-x86_64-cpython-311/PIL
  copying src/PIL/ImageQt.py -> build/lib.linux-x86_64-cpython-311/PIL
  copying src/PIL/ImagePath.py -> build/lib.linux-x86_64-cpython-311/PIL
  copying src/PIL/ImagePalette.py -> build/lib.linux-x86_64-cpython-311/PIL
  copying src/PIL/ImageOps.py -> build/lib.linux-x86_64-cpython-311/PIL
  copying src/PIL/ImageMorph.py -> build/lib.linux-x86_64-cpython-311/PIL
  copying src/PIL/ImageMode.py -> build/lib.linux-x86_64-cpython-311/PIL
  copying src/PIL/ImageMath.py -> build/lib.linux-x86_64-cpython-311/PIL
  copying src/PIL/ImageGrab.py -> build/lib.linux-x86_64-cpython-311/PIL
  copying src/PIL/ImageFont.py -> build/lib.linux-x86_64-cpython-311/PIL
  copying src/PIL/ImageFilter.py -> build/lib.linux-x86_64-cpython-311/PIL
  copying src/PIL/ImageFile.py -> build/lib.linux-x86_64-cpython-311/PIL
  copying src/PIL/ImageEnhance.py -> build/lib.linux-x86_64-cpython-311/PIL
  copying src/PIL/ImageDraw2.py -> build/lib.linux-x86_64-cpython-311/PIL
  copying src/PIL/ImageDraw.py -> build/lib.linux-x86_64-cpython-311/PIL
  copying src/PIL/ImageColor.py -> build/lib.linux-x86_64-cpython-311/PIL
  copying src/PIL/ImageCms.py -> build/lib.linux-x86_64-cpython-311/PIL
  copying src/PIL/ImageChops.py -> build/lib.linux-x86_64-cpython-311/PIL
  copying src/PIL/Image.py -> build/lib.linux-x86_64-cpython-311/PIL
  copying src/PIL/ImImagePlugin.py -> build/lib.linux-x86_64-cpython-311/PIL
  copying src/PIL/IcoImagePlugin.py -> build/lib.linux-x86_64-cpython-311/PIL
  copying src/PIL/IcnsImagePlugin.py -> build/lib.linux-x86_64-cpython-311/PIL
  copying src/PIL/Hdf5StubImagePlugin.py -> build/lib.linux-x86_64-cpython-311/PIL
  copying src/PIL/GribStubImagePlugin.py -> build/lib.linux-x86_64-cpython-311/PIL
  copying src/PIL/GimpPaletteFile.py -> build/lib.linux-x86_64-cpython-311/PIL
  copying src/PIL/GimpGradientFile.py -> build/lib.linux-x86_64-cpython-311/PIL
  copying src/PIL/GifImagePlugin.py -> build/lib.linux-x86_64-cpython-311/PIL
  copying src/PIL/GdImageFile.py -> build/lib.linux-x86_64-cpython-311/PIL
  copying src/PIL/GbrImagePlugin.py -> build/lib.linux-x86_64-cpython-311/PIL
  copying src/PIL/FtexImagePlugin.py -> build/lib.linux-x86_64-cpython-311/PIL
  copying src/PIL/FpxImagePlugin.py -> build/lib.linux-x86_64-cpython-311/PIL
  copying src/PIL/FontFile.py -> build/lib.linux-x86_64-cpython-311/PIL
  copying src/PIL/FliImagePlugin.py -> build/lib.linux-x86_64-cpython-311/PIL
  copying src/PIL/FitsImagePlugin.py -> build/lib.linux-x86_64-cpython-311/PIL
  copying src/PIL/ExifTags.py -> build/lib.linux-x86_64-cpython-311/PIL
  copying src/PIL/EpsImagePlugin.py -> build/lib.linux-x86_64-cpython-311/PIL
  copying src/PIL/DdsImagePlugin.py -> build/lib.linux-x86_64-cpython-311/PIL
  copying src/PIL/DcxImagePlugin.py -> build/lib.linux-x86_64-cpython-311/PIL
  copying src/PIL/CurImagePlugin.py -> build/lib.linux-x86_64-cpython-311/PIL
  copying src/PIL/ContainerIO.py -> build/lib.linux-x86_64-cpython-311/PIL
  copying src/PIL/BufrStubImagePlugin.py -> build/lib.linux-x86_64-cpython-311/PIL
  copying src/PIL/BmpImagePlugin.py -> build/lib.linux-x86_64-cpython-311/PIL
  copying src/PIL/BlpImagePlugin.py -> build/lib.linux-x86_64-cpython-311/PIL
  copying src/PIL/BdfFontFile.py -> build/lib.linux-x86_64-cpython-311/PIL
  running egg_info
  writing src/Pillow.egg-info/PKG-INFO
  writing dependency_links to src/Pillow.egg-info/dependency_links.txt
  writing requirements to src/Pillow.egg-info/requires.txt
  writing top-level names to src/Pillow.egg-info/top_level.txt
  reading manifest file 'src/Pillow.egg-info/SOURCES.txt'
  reading manifest template 'MANIFEST.in'
  warning: no files found matching '*.c'
  warning: no files found matching '*.h'
  warning: no files found matching '*.sh'
  warning: no files found matching '*.txt'
  warning: no previously-included files found matching '.appveyor.yml'
  warning: no previously-included files found matching '.clang-format'
  warning: no previously-included files found matching '.coveragerc'
  warning: no previously-included files found matching '.editorconfig'
  warning: no previously-included files found matching '.readthedocs.yml'
  warning: no previously-included files found matching 'codecov.yml'
  warning: no previously-included files found matching 'renovate.json'
  warning: no previously-included files matching '.git*' found anywhere in distribution
  warning: no previously-included files matching '*.so' found anywhere in distribution
  no previously-included directories found matching '.ci'
  no previously-included directories found matching 'wheels'
  adding license file 'LICENSE'
  writing manifest file 'src/Pillow.egg-info/SOURCES.txt'
  running build_ext
  building 'PIL._imaging' extension
  creating build/temp.linux-x86_64-cpython-311/src
  creating build/temp.linux-x86_64-cpython-311/src/libImaging
  building 'PIL._imagingft' extension
  Chaquopy_cannot_compile_native_code -DNDEBUG -g -fwrapv -O3 -Wall -march=native -O3 -pipe -fno-plt -fexceptions -Wp,-D_FORTIFY_SOURCE=3 -Wformat -Werror=format-security -fstack-clash-protection -fcf-protection -ffat-lto-objects -march=native -O3 -pipe -fno-plt -fexceptions -Wp,-D_FORTIFY_SOURCE=3 -Wformat -Werror=format-security -fstack-clash-protection -fcf-protection -march=native -O3 -pipe -fno-plt -fexceptions -Wp,-D_FORTIFY_SOURCE=3 -Wformat -Werror=format-security -fstack-clash-protection -fcf-protection -fPIC -DHAVE_LIBTIFF -DHAVE_LIBJPEG -DHAVE_OPENJPEG -DHAVE_LIBZ -DHAVE_XCB -DPILLOW_VERSION=\"10.1.0\" -I/usr/include/freetype2 -I/usr/include/openjpeg-2.5 -I/usr/include -I/usr/include/webp -I/usr/include/libpng16 -I/usr/include/harfbuzz -I/usr/include/glib-2.0 -I/usr/lib/glib-2.0/include -I/usr/include/sysprof-6 -I/usr/include/fribidi -I/home/allen/AndroidStudioProjects/Renpytool/app/build/python/env/debug/include -I/usr/local/include -I/home/allen/AndroidStudioProjects/Renpytool/app/build/python/env/debug/include -I/usr/include/python3.11 -c src/_imaging.c -o build/temp.linux-x86_64-cpython-311/src/_imaging.o
  Chaquopy_cannot_compile_native_code -DNDEBUG -g -fwrapv -O3 -Wall -march=native -O3 -pipe -fno-plt -fexceptions -Wp,-D_FORTIFY_SOURCE=3 -Wformat -Werror=format-security -fstack-clash-protection -fcf-protection -ffat-lto-objects -march=native -O3 -pipe -fno-plt -fexceptions -Wp,-D_FORTIFY_SOURCE=3 -Wformat -Werror=format-security -fstack-clash-protection -fcf-protection -march=native -O3 -pipe -fno-plt -fexceptions -Wp,-D_FORTIFY_SOURCE=3 -Wformat -Werror=format-security -fstack-clash-protection -fcf-protection -fPIC -DHAVE_RAQM -DHAVE_RAQM_SYSTEM -I/usr/include/freetype2 -I/usr/include/openjpeg-2.5 -I/usr/include -I/usr/include/webp -I/usr/include/libpng16 -I/usr/include/harfbuzz -I/usr/include/glib-2.0 -I/usr/lib/glib-2.0/include -I/usr/include/sysprof-6 -I/usr/include/fribidi -I/home/allen/AndroidStudioProjects/Renpytool/app/build/python/env/debug/include -I/usr/local/include -I/home/allen/AndroidStudioProjects/Renpytool/app/build/python/env/debug/include -I/usr/include/python3.11 -c src/_imagingft.c -o build/temp.linux-x86_64-cpython-311/src/_imagingft.o
  building 'PIL._webp' extension
  Chaquopy_cannot_compile_native_code -DNDEBUG -g -fwrapv -O3 -Wall -march=native -O3 -pipe -fno-plt -fexceptions -Wp,-D_FORTIFY_SOURCE=3 -Wformat -Werror=format-security -fstack-clash-protection -fcf-protection -ffat-lto-objects -march=native -O3 -pipe -fno-plt -fexceptions -Wp,-D_FORTIFY_SOURCE=3 -Wformat -Werror=format-security -fstack-clash-protection -fcf-protection -march=native -O3 -pipe -fno-plt -fexceptions -Wp,-D_FORTIFY_SOURCE=3 -Wformat -Werror=format-security -fstack-clash-protection -fcf-protection -fPIC -DHAVE_WEBPMUX -I/usr/include/freetype2 -I/usr/include/openjpeg-2.5 -I/usr/include -I/usr/include/webp -I/usr/include/libpng16 -I/usr/include/harfbuzz -I/usr/include/glib-2.0 -I/usr/lib/glib-2.0/include -I/usr/include/sysprof-6 -I/usr/include/fribidi -I/home/allen/AndroidStudioProjects/Renpytool/app/build/python/env/debug/include -I/usr/local/include -I/home/allen/AndroidStudioProjects/Renpytool/app/build/python/env/debug/include -I/usr/include/python3.11 -c src/_webp.c -o build/temp.linux-x86_64-cpython-311/src/_webp.o
  building 'PIL._imagingcms' extension
  Chaquopy_cannot_compile_native_code -DNDEBUG -g -fwrapv -O3 -Wall -march=native -O3 -pipe -fno-plt -fexceptions -Wp,-D_FORTIFY_SOURCE=3 -Wformat -Werror=format-security -fstack-clash-protection -fcf-protection -ffat-lto-objects -march=native -O3 -pipe -fno-plt -fexceptions -Wp,-D_FORTIFY_SOURCE=3 -Wformat -Werror=format-security -fstack-clash-protection -fcf-protection -march=native -O3 -pipe -fno-plt -fexceptions -Wp,-D_FORTIFY_SOURCE=3 -Wformat -Werror=format-security -fstack-clash-protection -fcf-protection -fPIC -I/usr/include/freetype2 -I/usr/include/openjpeg-2.5 -I/usr/include -I/usr/include/webp -I/usr/include/libpng16 -I/usr/include/harfbuzz -I/usr/include/glib-2.0 -I/usr/lib/glib-2.0/include -I/usr/include/sysprof-6 -I/usr/include/fribidi -I/home/allen/AndroidStudioProjects/Renpytool/app/build/python/env/debug/include -I/usr/local/include -I/home/allen/AndroidStudioProjects/Renpytool/app/build/python/env/debug/include -I/usr/include/python3.11 -c src/_imagingcms.c -o build/temp.linux-x86_64-cpython-311/src/_imagingcms.o
  building 'PIL._imagingmath' extension
  Chaquopy_cannot_compile_native_code -DNDEBUG -g -fwrapv -O3 -Wall -march=native -O3 -pipe -fno-plt -fexceptions -Wp,-D_FORTIFY_SOURCE=3 -Wformat -Werror=format-security -fstack-clash-protection -fcf-protection -ffat-lto-objects -march=native -O3 -pipe -fno-plt -fexceptions -Wp,-D_FORTIFY_SOURCE=3 -Wformat -Werror=format-security -fstack-clash-protection -fcf-protection -march=native -O3 -pipe -fno-plt -fexceptions -Wp,-D_FORTIFY_SOURCE=3 -Wformat -Werror=format-security -fstack-clash-protection -fcf-protection -fPIC -I/usr/include/freetype2 -I/usr/include/openjpeg-2.5 -I/usr/include -I/usr/include/webp -I/usr/include/libpng16 -I/usr/include/harfbuzz -I/usr/include/glib-2.0 -I/usr/lib/glib-2.0/include -I/usr/include/sysprof-6 -I/usr/include/fribidi -I/home/allen/AndroidStudioProjects/Renpytool/app/build/python/env/debug/include -I/usr/local/include -I/home/allen/AndroidStudioProjects/Renpytool/app/build/python/env/debug/include -I/usr/include/python3.11 -c src/_imagingmath.c -o build/temp.linux-x86_64-cpython-311/src/_imagingmath.o
  building 'PIL._imagingtk' extension
  creating build/temp.linux-x86_64-cpython-311/src/Tk
  Chaquopy_cannot_compile_native_code -DNDEBUG -g -fwrapv -O3 -Wall -march=native -O3 -pipe -fno-plt -fexceptions -Wp,-D_FORTIFY_SOURCE=3 -Wformat -Werror=format-security -fstack-clash-protection -fcf-protection -ffat-lto-objects -march=native -O3 -pipe -fno-plt -fexceptions -Wp,-D_FORTIFY_SOURCE=3 -Wformat -Werror=format-security -fstack-clash-protection -fcf-protection -march=native -O3 -pipe -fno-plt -fexceptions -Wp,-D_FORTIFY_SOURCE=3 -Wformat -Werror=format-security -fstack-clash-protection -fcf-protection -fPIC -I/usr/include/freetype2 -I/usr/include/openjpeg-2.5 -I/usr/include -I/usr/include/webp -I/usr/include/libpng16 -I/usr/include/harfbuzz -I/usr/include/glib-2.0 -I/usr/lib/glib-2.0/include -I/usr/include/sysprof-6 -I/usr/include/fribidi -I/home/allen/AndroidStudioProjects/Renpytool/app/build/python/env/debug/include -I/usr/local/include -I/home/allen/AndroidStudioProjects/Renpytool/app/build/python/env/debug/include -I/usr/include/python3.11 -c src/Tk/tkImaging.c -o build/temp.linux-x86_64-cpython-311/src/Tk/tkImaging.o
  building 'PIL._imagingmorph' extension
  Chaquopy_cannot_compile_native_code -DNDEBUG -g -fwrapv -O3 -Wall -march=native -O3 -pipe -fno-plt -fexceptions -Wp,-D_FORTIFY_SOURCE=3 -Wformat -Werror=format-security -fstack-clash-protection -fcf-protection -ffat-lto-objects -march=native -O3 -pipe -fno-plt -fexceptions -Wp,-D_FORTIFY_SOURCE=3 -Wformat -Werror=format-security -fstack-clash-protection -fcf-protection -march=native -O3 -pipe -fno-plt -fexceptions -Wp,-D_FORTIFY_SOURCE=3 -Wformat -Werror=format-security -fstack-clash-protection -fcf-protection -fPIC -I/usr/include/freetype2 -I/usr/include/openjpeg-2.5 -I/usr/include -I/usr/include/webp -I/usr/include/libpng16 -I/usr/include/harfbuzz -I/usr/include/glib-2.0 -I/usr/lib/glib-2.0/include -I/usr/include/sysprof-6 -I/usr/include/fribidi -I/home/allen/AndroidStudioProjects/Renpytool/app/build/python/env/debug/include -I/usr/local/include -I/home/allen/AndroidStudioProjects/Renpytool/app/build/python/env/debug/include -I/usr/include/python3.11 -c src/_imagingmorph.c -o build/temp.linux-x86_64-cpython-311/src/_imagingmorph.o
  error: command 'Chaquopy_cannot_compile_native_code' failed: No such file or directory
  ----------------------------------------
ERROR: Failed to install Pillow==10.1.0 from https://files.pythonhosted.org/packages/80/d7/c4b258c9098b469c4a4e77b0a99b5f4fd21e359c2e486c977d231f52fc71/Pillow-10.1.0.tar.gz#sha256=e6bf8de6c36ed96c86ea3b6e1d5273c53f46ef518a062464cd7ef5dd2cf92e38.
For assistance, please raise an issue at https://github.com/chaquo/chaquopy/issues.
Chaquopy: Exit status 1

> Task :app:generateDebugPythonRequirements FAILED

[Incubating] Problems report is available at: file:///home/allen/AndroidStudioProjects/Renpytool/build/reports/problems/problems-report.html

FAILURE: Build failed with an exception.

* What went wrong:
Execution failed for task ':app:generateDebugPythonRequirements'.
> Process 'command '/home/allen/AndroidStudioProjects/Renpytool/app/build/python/env/debug/bin/python'' finished with non-zero exit value 1 
  
  To view full details in Android Studio:
  * Click the 'Build: failed' caption to the left of this message.
  * Then scroll up to see the full output.

* Try:
> Run with --stacktrace option to get the stack trace.
> Run with --info or --debug option to get more log output.
> Run with --scan to get full insights.
> Get more help at https://help.gradle.org.

Deprecated Gradle features were used in this build, making it incompatible with Gradle 9.0.

You can use '--warning-mode all' to show the individual deprecation warnings and determine if they come from your own scripts or plugins.

For more on this, please refer to https://docs.gradle.org/8.13/userguide/command_line_interface.html#sec:command_line_warnings in the Gradle documentation.

BUILD FAILED in 10s
3 actionable tasks: 3 executed
